<?xml version="1.0" encoding="UTF-8"?>
<!-- Generated by org.testng.reporters.JUnitReportReporter -->
<testsuite hostname="DESKTOP-CQ2MLA2" failures="0" tests="1" name="TextNG.ModalDialog" time="21.439" errors="0" timestamp="2023-02-27T20:19:13 IST" skipped="0">
  <testcase classname="TextNG.ModalDialog" name="verifyElements" time="21.439"/>
  <system-out/>
</testsuite> <!-- TextNG.ModalDialog -->
